<?xml version="1.0" encoding="UTF-8"?>
<testsuite xmlns:xsi="http://www.w3.org/2001/XMLSchema-instance" xsi:noNamespaceSchemaLocation="https://maven.apache.org/surefire/maven-surefire-plugin/xsd/surefire-test-report-3.0.xsd" version="3.0" name="org.isp.service.AccommodationServiceTest" time="0.37" tests="5" errors="0" skipped="0" failures="0">
  <properties>
    <property name="java.specification.version" value="24"/>
    <property name="sun.jnu.encoding" value="UTF-8"/>
    <property name="java.class.path" value="/Users/rishiachavelli/Desktop/isp/isp_backend/ISP_Backend/target/test-classes:/Users/rishiachavelli/Desktop/isp/isp_backend/ISP_Backend/target/classes:/Users/rishiachavelli/.m2/repository/org/springframework/boot/spring-boot-starter-data-jpa/3.2.3/spring-boot-starter-data-jpa-3.2.3.jar:/Users/rishiachavelli/.m2/repository/org/springframework/boot/spring-boot-starter-aop/3.2.3/spring-boot-starter-aop-3.2.3.jar:/Users/rishiachavelli/.m2/repository/org/aspectj/aspectjweaver/1.9.21/aspectjweaver-1.9.21.jar:/Users/rishiachavelli/.m2/repository/org/springframework/boot/spring-boot-starter-jdbc/3.2.3/spring-boot-starter-jdbc-3.2.3.jar:/Users/rishiachavelli/.m2/repository/org/springframework/spring-jdbc/6.1.4/spring-jdbc-6.1.4.jar:/Users/rishiachavelli/.m2/repository/org/hibernate/orm/hibernate-core/6.4.4.Final/hibernate-core-6.4.4.Final.jar:/Users/rishiachavelli/.m2/repository/jakarta/persistence/jakarta.persistence-api/3.1.0/jakarta.persistence-api-3.1.0.jar:/Users/rishiachavelli/.m2/repository/jakarta/transaction/jakarta.transaction-api/2.0.1/jakarta.transaction-api-2.0.1.jar:/Users/rishiachavelli/.m2/repository/org/jboss/logging/jboss-logging/3.5.3.Final/jboss-logging-3.5.3.Final.jar:/Users/rishiachavelli/.m2/repository/org/hibernate/common/hibernate-commons-annotations/6.0.6.Final/hibernate-commons-annotations-6.0.6.Final.jar:/Users/rishiachavelli/.m2/repository/io/smallrye/jandex/3.1.2/jandex-3.1.2.jar:/Users/rishiachavelli/.m2/repository/com/fasterxml/classmate/1.6.0/classmate-1.6.0.jar:/Users/rishiachavelli/.m2/repository/net/bytebuddy/byte-buddy/1.14.12/byte-buddy-1.14.12.jar:/Users/rishiachavelli/.m2/repository/org/glassfish/jaxb/jaxb-runtime/4.0.4/jaxb-runtime-4.0.4.jar:/Users/rishiachavelli/.m2/repository/org/glassfish/jaxb/jaxb-core/4.0.4/jaxb-core-4.0.4.jar:/Users/rishiachavelli/.m2/repository/org/eclipse/angus/angus-activation/2.0.1/angus-activation-2.0.1.jar:/Users/rishiachavelli/.m2/repository/org/glassfish/jaxb/txw2/4.0.4/txw2-4.0.4.jar:/Users/rishiachavelli/.m2/repository/com/sun/istack/istack-commons-runtime/4.1.2/istack-commons-runtime-4.1.2.jar:/Users/rishiachavelli/.m2/repository/jakarta/inject/jakarta.inject-api/2.0.1/jakarta.inject-api-2.0.1.jar:/Users/rishiachavelli/.m2/repository/org/antlr/antlr4-runtime/4.13.0/antlr4-runtime-4.13.0.jar:/Users/rishiachavelli/.m2/repository/org/springframework/data/spring-data-jpa/3.2.3/spring-data-jpa-3.2.3.jar:/Users/rishiachavelli/.m2/repository/org/springframework/data/spring-data-commons/3.2.3/spring-data-commons-3.2.3.jar:/Users/rishiachavelli/.m2/repository/org/springframework/spring-orm/6.1.4/spring-orm-6.1.4.jar:/Users/rishiachavelli/.m2/repository/org/springframework/spring-beans/6.1.4/spring-beans-6.1.4.jar:/Users/rishiachavelli/.m2/repository/jakarta/annotation/jakarta.annotation-api/2.1.1/jakarta.annotation-api-2.1.1.jar:/Users/rishiachavelli/.m2/repository/org/springframework/spring-aspects/6.1.4/spring-aspects-6.1.4.jar:/Users/rishiachavelli/.m2/repository/org/springframework/boot/spring-boot-starter-web/3.2.3/spring-boot-starter-web-3.2.3.jar:/Users/rishiachavelli/.m2/repository/org/springframework/boot/spring-boot-starter/3.2.3/spring-boot-starter-3.2.3.jar:/Users/rishiachavelli/.m2/repository/org/springframework/boot/spring-boot-starter-logging/3.2.3/spring-boot-starter-logging-3.2.3.jar:/Users/rishiachavelli/.m2/repository/ch/qos/logback/logback-classic/1.4.14/logback-classic-1.4.14.jar:/Users/rishiachavelli/.m2/repository/ch/qos/logback/logback-core/1.4.14/logback-core-1.4.14.jar:/Users/rishiachavelli/.m2/repository/org/apache/logging/log4j/log4j-to-slf4j/2.21.1/log4j-to-slf4j-2.21.1.jar:/Users/rishiachavelli/.m2/repository/org/apache/logging/log4j/log4j-api/2.21.1/log4j-api-2.21.1.jar:/Users/rishiachavelli/.m2/repository/org/slf4j/jul-to-slf4j/2.0.12/jul-to-slf4j-2.0.12.jar:/Users/rishiachavelli/.m2/repository/org/yaml/snakeyaml/2.2/snakeyaml-2.2.jar:/Users/rishiachavelli/.m2/repository/org/springframework/boot/spring-boot-starter-json/3.2.3/spring-boot-starter-json-3.2.3.jar:/Users/rishiachavelli/.m2/repository/com/fasterxml/jackson/datatype/jackson-datatype-jdk8/2.15.4/jackson-datatype-jdk8-2.15.4.jar:/Users/rishiachavelli/.m2/repository/com/fasterxml/jackson/datatype/jackson-datatype-jsr310/2.15.4/jackson-datatype-jsr310-2.15.4.jar:/Users/rishiachavelli/.m2/repository/com/fasterxml/jackson/module/jackson-module-parameter-names/2.15.4/jackson-module-parameter-names-2.15.4.jar:/Users/rishiachavelli/.m2/repository/org/springframework/boot/spring-boot-starter-tomcat/3.2.3/spring-boot-starter-tomcat-3.2.3.jar:/Users/rishiachavelli/.m2/repository/org/apache/tomcat/embed/tomcat-embed-core/10.1.19/tomcat-embed-core-10.1.19.jar:/Users/rishiachavelli/.m2/repository/org/apache/tomcat/embed/tomcat-embed-websocket/10.1.19/tomcat-embed-websocket-10.1.19.jar:/Users/rishiachavelli/.m2/repository/org/springframework/spring-web/6.1.4/spring-web-6.1.4.jar:/Users/rishiachavelli/.m2/repository/org/springframework/spring-webmvc/6.1.4/spring-webmvc-6.1.4.jar:/Users/rishiachavelli/.m2/repository/org/springframework/spring-expression/6.1.4/spring-expression-6.1.4.jar:/Users/rishiachavelli/.m2/repository/org/springframework/boot/spring-boot-starter-validation/3.2.3/spring-boot-starter-validation-3.2.3.jar:/Users/rishiachavelli/.m2/repository/org/apache/tomcat/embed/tomcat-embed-el/10.1.19/tomcat-embed-el-10.1.19.jar:/Users/rishiachavelli/.m2/repository/org/hibernate/validator/hibernate-validator/8.0.1.Final/hibernate-validator-8.0.1.Final.jar:/Users/rishiachavelli/.m2/repository/jakarta/validation/jakarta.validation-api/3.0.2/jakarta.validation-api-3.0.2.jar:/Users/rishiachavelli/.m2/repository/org/springframework/boot/spring-boot-starter-security/3.2.3/spring-boot-starter-security-3.2.3.jar:/Users/rishiachavelli/.m2/repository/org/springframework/spring-aop/6.1.4/spring-aop-6.1.4.jar:/Users/rishiachavelli/.m2/repository/org/springframework/security/spring-security-config/6.2.2/spring-security-config-6.2.2.jar:/Users/rishiachavelli/.m2/repository/org/springframework/security/spring-security-web/6.2.2/spring-security-web-6.2.2.jar:/Users/rishiachavelli/.m2/repository/org/springdoc/springdoc-openapi-starter-webmvc-ui/2.3.0/springdoc-openapi-starter-webmvc-ui-2.3.0.jar:/Users/rishiachavelli/.m2/repository/org/springdoc/springdoc-openapi-starter-webmvc-api/2.3.0/springdoc-openapi-starter-webmvc-api-2.3.0.jar:/Users/rishiachavelli/.m2/repository/org/springdoc/springdoc-openapi-starter-common/2.3.0/springdoc-openapi-starter-common-2.3.0.jar:/Users/rishiachavelli/.m2/repository/io/swagger/core/v3/swagger-core-jakarta/2.2.19/swagger-core-jakarta-2.2.19.jar:/Users/rishiachavelli/.m2/repository/org/apache/commons/commons-lang3/3.13.0/commons-lang3-3.13.0.jar:/Users/rishiachavelli/.m2/repository/io/swagger/core/v3/swagger-annotations-jakarta/2.2.19/swagger-annotations-jakarta-2.2.19.jar:/Users/rishiachavelli/.m2/repository/io/swagger/core/v3/swagger-models-jakarta/2.2.19/swagger-models-jakarta-2.2.19.jar:/Users/rishiachavelli/.m2/repository/com/fasterxml/jackson/dataformat/jackson-dataformat-yaml/2.15.4/jackson-dataformat-yaml-2.15.4.jar:/Users/rishiachavelli/.m2/repository/org/webjars/swagger-ui/5.10.3/swagger-ui-5.10.3.jar:/Users/rishiachavelli/.m2/repository/org/postgresql/postgresql/42.7.1/postgresql-42.7.1.jar:/Users/rishiachavelli/.m2/repository/org/checkerframework/checker-qual/3.41.0/checker-qual-3.41.0.jar:/Users/rishiachavelli/.m2/repository/software/amazon/awssdk/s3/2.25.12/s3-2.25.12.jar:/Users/rishiachavelli/.m2/repository/software/amazon/awssdk/aws-xml-protocol/2.25.12/aws-xml-protocol-2.25.12.jar:/Users/rishiachavelli/.m2/repository/software/amazon/awssdk/aws-query-protocol/2.25.12/aws-query-protocol-2.25.12.jar:/Users/rishiachavelli/.m2/repository/software/amazon/awssdk/protocol-core/2.25.12/protocol-core-2.25.12.jar:/Users/rishiachavelli/.m2/repository/software/amazon/awssdk/arns/2.25.12/arns-2.25.12.jar:/Users/rishiachavelli/.m2/repository/software/amazon/awssdk/profiles/2.25.12/profiles-2.25.12.jar:/Users/rishiachavelli/.m2/repository/software/amazon/awssdk/crt-core/2.25.12/crt-core-2.25.12.jar:/Users/rishiachavelli/.m2/repository/software/amazon/awssdk/http-auth/2.25.12/http-auth-2.25.12.jar:/Users/rishiachavelli/.m2/repository/software/amazon/awssdk/identity-spi/2.25.12/identity-spi-2.25.12.jar:/Users/rishiachavelli/.m2/repository/software/amazon/awssdk/http-auth-spi/2.25.12/http-auth-spi-2.25.12.jar:/Users/rishiachavelli/.m2/repository/org/reactivestreams/reactive-streams/1.0.4/reactive-streams-1.0.4.jar:/Users/rishiachavelli/.m2/repository/software/amazon/awssdk/http-auth-aws/2.25.12/http-auth-aws-2.25.12.jar:/Users/rishiachavelli/.m2/repository/software/amazon/awssdk/checksums/2.25.12/checksums-2.25.12.jar:/Users/rishiachavelli/.m2/repository/software/amazon/awssdk/checksums-spi/2.25.12/checksums-spi-2.25.12.jar:/Users/rishiachavelli/.m2/repository/software/amazon/awssdk/sdk-core/2.25.12/sdk-core-2.25.12.jar:/Users/rishiachavelli/.m2/repository/software/amazon/awssdk/auth/2.25.12/auth-2.25.12.jar:/Users/rishiachavelli/.m2/repository/software/amazon/eventstream/eventstream/1.0.1/eventstream-1.0.1.jar:/Users/rishiachavelli/.m2/repository/software/amazon/awssdk/http-client-spi/2.25.12/http-client-spi-2.25.12.jar:/Users/rishiachavelli/.m2/repository/software/amazon/awssdk/regions/2.25.12/regions-2.25.12.jar:/Users/rishiachavelli/.m2/repository/software/amazon/awssdk/annotations/2.25.12/annotations-2.25.12.jar:/Users/rishiachavelli/.m2/repository/software/amazon/awssdk/utils/2.25.12/utils-2.25.12.jar:/Users/rishiachavelli/.m2/repository/software/amazon/awssdk/aws-core/2.25.12/aws-core-2.25.12.jar:/Users/rishiachavelli/.m2/repository/software/amazon/awssdk/metrics-spi/2.25.12/metrics-spi-2.25.12.jar:/Users/rishiachavelli/.m2/repository/software/amazon/awssdk/json-utils/2.25.12/json-utils-2.25.12.jar:/Users/rishiachavelli/.m2/repository/software/amazon/awssdk/third-party-jackson-core/2.25.12/third-party-jackson-core-2.25.12.jar:/Users/rishiachavelli/.m2/repository/software/amazon/awssdk/endpoints-spi/2.25.12/endpoints-spi-2.25.12.jar:/Users/rishiachavelli/.m2/repository/software/amazon/awssdk/apache-client/2.25.12/apache-client-2.25.12.jar:/Users/rishiachavelli/.m2/repository/org/apache/httpcomponents/httpclient/4.5.13/httpclient-4.5.13.jar:/Users/rishiachavelli/.m2/repository/commons-logging/commons-logging/1.2/commons-logging-1.2.jar:/Users/rishiachavelli/.m2/repository/org/apache/httpcomponents/httpcore/4.4.16/httpcore-4.4.16.jar:/Users/rishiachavelli/.m2/repository/commons-codec/commons-codec/1.16.1/commons-codec-1.16.1.jar:/Users/rishiachavelli/.m2/repository/software/amazon/awssdk/netty-nio-client/2.25.12/netty-nio-client-2.25.12.jar:/Users/rishiachavelli/.m2/repository/io/netty/netty-codec-http/4.1.107.Final/netty-codec-http-4.1.107.Final.jar:/Users/rishiachavelli/.m2/repository/io/netty/netty-codec-http2/4.1.107.Final/netty-codec-http2-4.1.107.Final.jar:/Users/rishiachavelli/.m2/repository/io/netty/netty-codec/4.1.107.Final/netty-codec-4.1.107.Final.jar:/Users/rishiachavelli/.m2/repository/io/netty/netty-transport/4.1.107.Final/netty-transport-4.1.107.Final.jar:/Users/rishiachavelli/.m2/repository/io/netty/netty-common/4.1.107.Final/netty-common-4.1.107.Final.jar:/Users/rishiachavelli/.m2/repository/io/netty/netty-buffer/4.1.107.Final/netty-buffer-4.1.107.Final.jar:/Users/rishiachavelli/.m2/repository/io/netty/netty-handler/4.1.107.Final/netty-handler-4.1.107.Final.jar:/Users/rishiachavelli/.m2/repository/io/netty/netty-transport-native-unix-common/4.1.107.Final/netty-transport-native-unix-common-4.1.107.Final.jar:/Users/rishiachavelli/.m2/repository/io/netty/netty-transport-classes-epoll/4.1.107.Final/netty-transport-classes-epoll-4.1.107.Final.jar:/Users/rishiachavelli/.m2/repository/io/netty/netty-resolver/4.1.107.Final/netty-resolver-4.1.107.Final.jar:/Users/rishiachavelli/.m2/repository/io/jsonwebtoken/jjwt-api/0.11.5/jjwt-api-0.11.5.jar:/Users/rishiachavelli/.m2/repository/io/jsonwebtoken/jjwt-impl/0.11.5/jjwt-impl-0.11.5.jar:/Users/rishiachavelli/.m2/repository/io/jsonwebtoken/jjwt-jackson/0.11.5/jjwt-jackson-0.11.5.jar:/Users/rishiachavelli/.m2/repository/com/fasterxml/jackson/core/jackson-databind/2.15.4/jackson-databind-2.15.4.jar:/Users/rishiachavelli/.m2/repository/com/fasterxml/jackson/core/jackson-annotations/2.15.4/jackson-annotations-2.15.4.jar:/Users/rishiachavelli/.m2/repository/com/fasterxml/jackson/core/jackson-core/2.15.4/jackson-core-2.15.4.jar:/Users/rishiachavelli/.m2/repository/org/springframework/boot/spring-boot-starter-cache/3.2.3/spring-boot-starter-cache-3.2.3.jar:/Users/rishiachavelli/.m2/repository/org/springframework/spring-context-support/6.1.4/spring-context-support-6.1.4.jar:/Users/rishiachavelli/.m2/repository/org/springframework/boot/spring-boot-starter-data-redis/3.2.3/spring-boot-starter-data-redis-3.2.3.jar:/Users/rishiachavelli/.m2/repository/io/lettuce/lettuce-core/6.3.1.RELEASE/lettuce-core-6.3.1.RELEASE.jar:/Users/rishiachavelli/.m2/repository/io/projectreactor/reactor-core/3.6.3/reactor-core-3.6.3.jar:/Users/rishiachavelli/.m2/repository/org/springframework/data/spring-data-redis/3.2.3/spring-data-redis-3.2.3.jar:/Users/rishiachavelli/.m2/repository/org/springframework/data/spring-data-keyvalue/3.2.3/spring-data-keyvalue-3.2.3.jar:/Users/rishiachavelli/.m2/repository/org/springframework/spring-oxm/6.1.4/spring-oxm-6.1.4.jar:/Users/rishiachavelli/.m2/repository/com/github/ben-manes/caffeine/caffeine/3.1.8/caffeine-3.1.8.jar:/Users/rishiachavelli/.m2/repository/com/google/errorprone/error_prone_annotations/2.21.1/error_prone_annotations-2.21.1.jar:/Users/rishiachavelli/.m2/repository/com/bucket4j/bucket4j-core/8.7.0/bucket4j-core-8.7.0.jar:/Users/rishiachavelli/.m2/repository/com/zaxxer/HikariCP/5.0.1/HikariCP-5.0.1.jar:/Users/rishiachavelli/.m2/repository/org/slf4j/slf4j-api/2.0.12/slf4j-api-2.0.12.jar:/Users/rishiachavelli/.m2/repository/org/springframework/boot/spring-boot-starter-actuator/3.2.3/spring-boot-starter-actuator-3.2.3.jar:/Users/rishiachavelli/.m2/repository/org/springframework/boot/spring-boot-actuator-autoconfigure/3.2.3/spring-boot-actuator-autoconfigure-3.2.3.jar:/Users/rishiachavelli/.m2/repository/org/springframework/boot/spring-boot-actuator/3.2.3/spring-boot-actuator-3.2.3.jar:/Users/rishiachavelli/.m2/repository/io/micrometer/micrometer-observation/1.12.3/micrometer-observation-1.12.3.jar:/Users/rishiachavelli/.m2/repository/io/micrometer/micrometer-commons/1.12.3/micrometer-commons-1.12.3.jar:/Users/rishiachavelli/.m2/repository/io/micrometer/micrometer-jakarta9/1.12.3/micrometer-jakarta9-1.12.3.jar:/Users/rishiachavelli/.m2/repository/io/micrometer/micrometer-registry-prometheus/1.12.3/micrometer-registry-prometheus-1.12.3.jar:/Users/rishiachavelli/.m2/repository/io/micrometer/micrometer-core/1.12.3/micrometer-core-1.12.3.jar:/Users/rishiachavelli/.m2/repository/org/hdrhistogram/HdrHistogram/2.1.12/HdrHistogram-2.1.12.jar:/Users/rishiachavelli/.m2/repository/org/latencyutils/LatencyUtils/2.0.3/LatencyUtils-2.0.3.jar:/Users/rishiachavelli/.m2/repository/io/prometheus/simpleclient_common/0.16.0/simpleclient_common-0.16.0.jar:/Users/rishiachavelli/.m2/repository/io/prometheus/simpleclient/0.16.0/simpleclient-0.16.0.jar:/Users/rishiachavelli/.m2/repository/io/prometheus/simpleclient_tracer_otel/0.16.0/simpleclient_tracer_otel-0.16.0.jar:/Users/rishiachavelli/.m2/repository/io/prometheus/simpleclient_tracer_common/0.16.0/simpleclient_tracer_common-0.16.0.jar:/Users/rishiachavelli/.m2/repository/io/prometheus/simpleclient_tracer_otel_agent/0.16.0/simpleclient_tracer_otel_agent-0.16.0.jar:/Users/rishiachavelli/.m2/repository/net/logstash/logback/logstash-logback-encoder/7.4/logstash-logback-encoder-7.4.jar:/Users/rishiachavelli/.m2/repository/org/springframework/boot/spring-boot-starter-amqp/3.2.3/spring-boot-starter-amqp-3.2.3.jar:/Users/rishiachavelli/.m2/repository/org/springframework/spring-messaging/6.1.4/spring-messaging-6.1.4.jar:/Users/rishiachavelli/.m2/repository/org/springframework/amqp/spring-rabbit/3.1.2/spring-rabbit-3.1.2.jar:/Users/rishiachavelli/.m2/repository/org/springframework/amqp/spring-amqp/3.1.2/spring-amqp-3.1.2.jar:/Users/rishiachavelli/.m2/repository/com/rabbitmq/amqp-client/5.19.0/amqp-client-5.19.0.jar:/Users/rishiachavelli/.m2/repository/org/springframework/kafka/spring-kafka/3.1.2/spring-kafka-3.1.2.jar:/Users/rishiachavelli/.m2/repository/org/springframework/spring-context/6.1.4/spring-context-6.1.4.jar:/Users/rishiachavelli/.m2/repository/org/springframework/spring-tx/6.1.4/spring-tx-6.1.4.jar:/Users/rishiachavelli/.m2/repository/org/springframework/retry/spring-retry/2.0.5/spring-retry-2.0.5.jar:/Users/rishiachavelli/.m2/repository/org/apache/kafka/kafka-clients/3.6.1/kafka-clients-3.6.1.jar:/Users/rishiachavelli/.m2/repository/com/github/luben/zstd-jni/1.5.5-1/zstd-jni-1.5.5-1.jar:/Users/rishiachavelli/.m2/repository/org/lz4/lz4-java/1.8.0/lz4-java-1.8.0.jar:/Users/rishiachavelli/.m2/repository/org/xerial/snappy/snappy-java/1.1.10.5/snappy-java-1.1.10.5.jar:/Users/rishiachavelli/.m2/repository/com/google/code/findbugs/jsr305/3.0.2/jsr305-3.0.2.jar:/Users/rishiachavelli/.m2/repository/org/jobrunr/jobrunr-spring-boot-starter/5.3.3/jobrunr-spring-boot-starter-5.3.3.jar:/Users/rishiachavelli/.m2/repository/org/jobrunr/jobrunr/5.3.3/jobrunr-5.3.3.jar:/Users/rishiachavelli/.m2/repository/org/ow2/asm/asm/9.3/asm-9.3.jar:/Users/rishiachavelli/.m2/repository/org/springframework/boot/spring-boot-starter-test/3.2.3/spring-boot-starter-test-3.2.3.jar:/Users/rishiachavelli/.m2/repository/org/springframework/boot/spring-boot-test/3.2.3/spring-boot-test-3.2.3.jar:/Users/rishiachavelli/.m2/repository/org/springframework/boot/spring-boot-test-autoconfigure/3.2.3/spring-boot-test-autoconfigure-3.2.3.jar:/Users/rishiachavelli/.m2/repository/com/jayway/jsonpath/json-path/2.9.0/json-path-2.9.0.jar:/Users/rishiachavelli/.m2/repository/jakarta/xml/bind/jakarta.xml.bind-api/4.0.1/jakarta.xml.bind-api-4.0.1.jar:/Users/rishiachavelli/.m2/repository/jakarta/activation/jakarta.activation-api/2.1.2/jakarta.activation-api-2.1.2.jar:/Users/rishiachavelli/.m2/repository/net/minidev/json-smart/2.5.0/json-smart-2.5.0.jar:/Users/rishiachavelli/.m2/repository/net/minidev/accessors-smart/2.5.0/accessors-smart-2.5.0.jar:/Users/rishiachavelli/.m2/repository/org/assertj/assertj-core/3.24.2/assertj-core-3.24.2.jar:/Users/rishiachavelli/.m2/repository/org/awaitility/awaitility/4.2.0/awaitility-4.2.0.jar:/Users/rishiachavelli/.m2/repository/org/hamcrest/hamcrest/2.2/hamcrest-2.2.jar:/Users/rishiachavelli/.m2/repository/org/junit/jupiter/junit-jupiter/5.10.2/junit-jupiter-5.10.2.jar:/Users/rishiachavelli/.m2/repository/org/junit/jupiter/junit-jupiter-api/5.10.2/junit-jupiter-api-5.10.2.jar:/Users/rishiachavelli/.m2/repository/org/opentest4j/opentest4j/1.3.0/opentest4j-1.3.0.jar:/Users/rishiachavelli/.m2/repository/org/junit/platform/junit-platform-commons/1.10.2/junit-platform-commons-1.10.2.jar:/Users/rishiachavelli/.m2/repository/org/apiguardian/apiguardian-api/1.1.2/apiguardian-api-1.1.2.jar:/Users/rishiachavelli/.m2/repository/org/junit/jupiter/junit-jupiter-params/5.10.2/junit-jupiter-params-5.10.2.jar:/Users/rishiachavelli/.m2/repository/org/junit/jupiter/junit-jupiter-engine/5.10.2/junit-jupiter-engine-5.10.2.jar:/Users/rishiachavelli/.m2/repository/org/junit/platform/junit-platform-engine/1.10.2/junit-platform-engine-1.10.2.jar:/Users/rishiachavelli/.m2/repository/org/mockito/mockito-core/5.7.0/mockito-core-5.7.0.jar:/Users/rishiachavelli/.m2/repository/net/bytebuddy/byte-buddy-agent/1.14.12/byte-buddy-agent-1.14.12.jar:/Users/rishiachavelli/.m2/repository/org/objenesis/objenesis/3.3/objenesis-3.3.jar:/Users/rishiachavelli/.m2/repository/org/mockito/mockito-junit-jupiter/5.7.0/mockito-junit-jupiter-5.7.0.jar:/Users/rishiachavelli/.m2/repository/org/skyscreamer/jsonassert/1.5.1/jsonassert-1.5.1.jar:/Users/rishiachavelli/.m2/repository/com/vaadin/external/google/android-json/0.0.20131108.vaadin1/android-json-0.0.20131108.vaadin1.jar:/Users/rishiachavelli/.m2/repository/org/springframework/spring-core/6.1.4/spring-core-6.1.4.jar:/Users/rishiachavelli/.m2/repository/org/springframework/spring-jcl/6.1.4/spring-jcl-6.1.4.jar:/Users/rishiachavelli/.m2/repository/org/springframework/spring-test/6.1.4/spring-test-6.1.4.jar:/Users/rishiachavelli/.m2/repository/org/xmlunit/xmlunit-core/2.9.1/xmlunit-core-2.9.1.jar:/Users/rishiachavelli/.m2/repository/org/springframework/security/spring-security-test/6.2.2/spring-security-test-6.2.2.jar:/Users/rishiachavelli/.m2/repository/org/springframework/security/spring-security-core/6.2.2/spring-security-core-6.2.2.jar:/Users/rishiachavelli/.m2/repository/org/springframework/security/spring-security-crypto/6.2.2/spring-security-crypto-6.2.2.jar:/Users/rishiachavelli/.m2/repository/org/testcontainers/testcontainers/1.19.3/testcontainers-1.19.3.jar:/Users/rishiachavelli/.m2/repository/junit/junit/4.13.2/junit-4.13.2.jar:/Users/rishiachavelli/.m2/repository/org/hamcrest/hamcrest-core/2.2/hamcrest-core-2.2.jar:/Users/rishiachavelli/.m2/repository/org/apache/commons/commons-compress/1.24.0/commons-compress-1.24.0.jar:/Users/rishiachavelli/.m2/repository/org/rnorth/duct-tape/duct-tape/1.0.8/duct-tape-1.0.8.jar:/Users/rishiachavelli/.m2/repository/org/jetbrains/annotations/17.0.0/annotations-17.0.0.jar:/Users/rishiachavelli/.m2/repository/com/github/docker-java/docker-java-api/3.3.4/docker-java-api-3.3.4.jar:/Users/rishiachavelli/.m2/repository/com/github/docker-java/docker-java-transport-zerodep/3.3.4/docker-java-transport-zerodep-3.3.4.jar:/Users/rishiachavelli/.m2/repository/com/github/docker-java/docker-java-transport/3.3.4/docker-java-transport-3.3.4.jar:/Users/rishiachavelli/.m2/repository/net/java/dev/jna/jna/5.13.0/jna-5.13.0.jar:/Users/rishiachavelli/.m2/repository/org/testcontainers/postgresql/1.19.3/postgresql-1.19.3.jar:/Users/rishiachavelli/.m2/repository/org/testcontainers/jdbc/1.19.5/jdbc-1.19.5.jar:/Users/rishiachavelli/.m2/repository/org/testcontainers/database-commons/1.19.5/database-commons-1.19.5.jar:/Users/rishiachavelli/.m2/repository/com/h2database/h2/2.2.224/h2-2.2.224.jar:/Users/rishiachavelli/.m2/repository/org/springframework/boot/spring-boot-autoconfigure/3.2.3/spring-boot-autoconfigure-3.2.3.jar:/Users/rishiachavelli/.m2/repository/org/springframework/boot/spring-boot/3.2.3/spring-boot-3.2.3.jar:/Users/rishiachavelli/.m2/repository/org/projectlombok/lombok/1.18.30/lombok-1.18.30.jar:"/>
    <property name="java.vm.vendor" value="Oracle Corporation"/>
    <property name="sun.arch.data.model" value="64"/>
    <property name="java.vendor.url" value="https://java.oracle.com/"/>
    <property name="user.timezone" value="America/New_York"/>
    <property name="org.jboss.logging.provider" value="slf4j"/>
    <property name="os.name" value="Mac OS X"/>
    <property name="java.vm.specification.version" value="24"/>
    <property name="user.country" value="US"/>
    <property name="sun.java.launcher" value="SUN_STANDARD"/>
    <property name="sun.boot.library.path" value="/Users/rishiachavelli/Library/Java/JavaVirtualMachines/openjdk-24/Contents/Home/lib"/>
    <property name="sun.java.command" value="/Users/rishiachavelli/Desktop/isp/isp_backend/ISP_Backend/target/surefire/surefirebooter-20250527140042096_3.jar /Users/rishiachavelli/Desktop/isp/isp_backend/ISP_Backend/target/surefire 2025-05-27T14-00-42_043-jvmRun1 surefire-20250527140042096_1tmp surefire_0-20250527140042096_2tmp"/>
    <property name="http.nonProxyHosts" value="local|*.local|169.254/16|*.169.254/16"/>
    <property name="jdk.debug" value="release"/>
    <property name="surefire.test.class.path" value="/Users/rishiachavelli/Desktop/isp/isp_backend/ISP_Backend/target/test-classes:/Users/rishiachavelli/Desktop/isp/isp_backend/ISP_Backend/target/classes:/Users/rishiachavelli/.m2/repository/org/springframework/boot/spring-boot-starter-data-jpa/3.2.3/spring-boot-starter-data-jpa-3.2.3.jar:/Users/rishiachavelli/.m2/repository/org/springframework/boot/spring-boot-starter-aop/3.2.3/spring-boot-starter-aop-3.2.3.jar:/Users/rishiachavelli/.m2/repository/org/aspectj/aspectjweaver/1.9.21/aspectjweaver-1.9.21.jar:/Users/rishiachavelli/.m2/repository/org/springframework/boot/spring-boot-starter-jdbc/3.2.3/spring-boot-starter-jdbc-3.2.3.jar:/Users/rishiachavelli/.m2/repository/org/springframework/spring-jdbc/6.1.4/spring-jdbc-6.1.4.jar:/Users/rishiachavelli/.m2/repository/org/hibernate/orm/hibernate-core/6.4.4.Final/hibernate-core-6.4.4.Final.jar:/Users/rishiachavelli/.m2/repository/jakarta/persistence/jakarta.persistence-api/3.1.0/jakarta.persistence-api-3.1.0.jar:/Users/rishiachavelli/.m2/repository/jakarta/transaction/jakarta.transaction-api/2.0.1/jakarta.transaction-api-2.0.1.jar:/Users/rishiachavelli/.m2/repository/org/jboss/logging/jboss-logging/3.5.3.Final/jboss-logging-3.5.3.Final.jar:/Users/rishiachavelli/.m2/repository/org/hibernate/common/hibernate-commons-annotations/6.0.6.Final/hibernate-commons-annotations-6.0.6.Final.jar:/Users/rishiachavelli/.m2/repository/io/smallrye/jandex/3.1.2/jandex-3.1.2.jar:/Users/rishiachavelli/.m2/repository/com/fasterxml/classmate/1.6.0/classmate-1.6.0.jar:/Users/rishiachavelli/.m2/repository/net/bytebuddy/byte-buddy/1.14.12/byte-buddy-1.14.12.jar:/Users/rishiachavelli/.m2/repository/org/glassfish/jaxb/jaxb-runtime/4.0.4/jaxb-runtime-4.0.4.jar:/Users/rishiachavelli/.m2/repository/org/glassfish/jaxb/jaxb-core/4.0.4/jaxb-core-4.0.4.jar:/Users/rishiachavelli/.m2/repository/org/eclipse/angus/angus-activation/2.0.1/angus-activation-2.0.1.jar:/Users/rishiachavelli/.m2/repository/org/glassfish/jaxb/txw2/4.0.4/txw2-4.0.4.jar:/Users/rishiachavelli/.m2/repository/com/sun/istack/istack-commons-runtime/4.1.2/istack-commons-runtime-4.1.2.jar:/Users/rishiachavelli/.m2/repository/jakarta/inject/jakarta.inject-api/2.0.1/jakarta.inject-api-2.0.1.jar:/Users/rishiachavelli/.m2/repository/org/antlr/antlr4-runtime/4.13.0/antlr4-runtime-4.13.0.jar:/Users/rishiachavelli/.m2/repository/org/springframework/data/spring-data-jpa/3.2.3/spring-data-jpa-3.2.3.jar:/Users/rishiachavelli/.m2/repository/org/springframework/data/spring-data-commons/3.2.3/spring-data-commons-3.2.3.jar:/Users/rishiachavelli/.m2/repository/org/springframework/spring-orm/6.1.4/spring-orm-6.1.4.jar:/Users/rishiachavelli/.m2/repository/org/springframework/spring-beans/6.1.4/spring-beans-6.1.4.jar:/Users/rishiachavelli/.m2/repository/jakarta/annotation/jakarta.annotation-api/2.1.1/jakarta.annotation-api-2.1.1.jar:/Users/rishiachavelli/.m2/repository/org/springframework/spring-aspects/6.1.4/spring-aspects-6.1.4.jar:/Users/rishiachavelli/.m2/repository/org/springframework/boot/spring-boot-starter-web/3.2.3/spring-boot-starter-web-3.2.3.jar:/Users/rishiachavelli/.m2/repository/org/springframework/boot/spring-boot-starter/3.2.3/spring-boot-starter-3.2.3.jar:/Users/rishiachavelli/.m2/repository/org/springframework/boot/spring-boot-starter-logging/3.2.3/spring-boot-starter-logging-3.2.3.jar:/Users/rishiachavelli/.m2/repository/ch/qos/logback/logback-classic/1.4.14/logback-classic-1.4.14.jar:/Users/rishiachavelli/.m2/repository/ch/qos/logback/logback-core/1.4.14/logback-core-1.4.14.jar:/Users/rishiachavelli/.m2/repository/org/apache/logging/log4j/log4j-to-slf4j/2.21.1/log4j-to-slf4j-2.21.1.jar:/Users/rishiachavelli/.m2/repository/org/apache/logging/log4j/log4j-api/2.21.1/log4j-api-2.21.1.jar:/Users/rishiachavelli/.m2/repository/org/slf4j/jul-to-slf4j/2.0.12/jul-to-slf4j-2.0.12.jar:/Users/rishiachavelli/.m2/repository/org/yaml/snakeyaml/2.2/snakeyaml-2.2.jar:/Users/rishiachavelli/.m2/repository/org/springframework/boot/spring-boot-starter-json/3.2.3/spring-boot-starter-json-3.2.3.jar:/Users/rishiachavelli/.m2/repository/com/fasterxml/jackson/datatype/jackson-datatype-jdk8/2.15.4/jackson-datatype-jdk8-2.15.4.jar:/Users/rishiachavelli/.m2/repository/com/fasterxml/jackson/datatype/jackson-datatype-jsr310/2.15.4/jackson-datatype-jsr310-2.15.4.jar:/Users/rishiachavelli/.m2/repository/com/fasterxml/jackson/module/jackson-module-parameter-names/2.15.4/jackson-module-parameter-names-2.15.4.jar:/Users/rishiachavelli/.m2/repository/org/springframework/boot/spring-boot-starter-tomcat/3.2.3/spring-boot-starter-tomcat-3.2.3.jar:/Users/rishiachavelli/.m2/repository/org/apache/tomcat/embed/tomcat-embed-core/10.1.19/tomcat-embed-core-10.1.19.jar:/Users/rishiachavelli/.m2/repository/org/apache/tomcat/embed/tomcat-embed-websocket/10.1.19/tomcat-embed-websocket-10.1.19.jar:/Users/rishiachavelli/.m2/repository/org/springframework/spring-web/6.1.4/spring-web-6.1.4.jar:/Users/rishiachavelli/.m2/repository/org/springframework/spring-webmvc/6.1.4/spring-webmvc-6.1.4.jar:/Users/rishiachavelli/.m2/repository/org/springframework/spring-expression/6.1.4/spring-expression-6.1.4.jar:/Users/rishiachavelli/.m2/repository/org/springframework/boot/spring-boot-starter-validation/3.2.3/spring-boot-starter-validation-3.2.3.jar:/Users/rishiachavelli/.m2/repository/org/apache/tomcat/embed/tomcat-embed-el/10.1.19/tomcat-embed-el-10.1.19.jar:/Users/rishiachavelli/.m2/repository/org/hibernate/validator/hibernate-validator/8.0.1.Final/hibernate-validator-8.0.1.Final.jar:/Users/rishiachavelli/.m2/repository/jakarta/validation/jakarta.validation-api/3.0.2/jakarta.validation-api-3.0.2.jar:/Users/rishiachavelli/.m2/repository/org/springframework/boot/spring-boot-starter-security/3.2.3/spring-boot-starter-security-3.2.3.jar:/Users/rishiachavelli/.m2/repository/org/springframework/spring-aop/6.1.4/spring-aop-6.1.4.jar:/Users/rishiachavelli/.m2/repository/org/springframework/security/spring-security-config/6.2.2/spring-security-config-6.2.2.jar:/Users/rishiachavelli/.m2/repository/org/springframework/security/spring-security-web/6.2.2/spring-security-web-6.2.2.jar:/Users/rishiachavelli/.m2/repository/org/springdoc/springdoc-openapi-starter-webmvc-ui/2.3.0/springdoc-openapi-starter-webmvc-ui-2.3.0.jar:/Users/rishiachavelli/.m2/repository/org/springdoc/springdoc-openapi-starter-webmvc-api/2.3.0/springdoc-openapi-starter-webmvc-api-2.3.0.jar:/Users/rishiachavelli/.m2/repository/org/springdoc/springdoc-openapi-starter-common/2.3.0/springdoc-openapi-starter-common-2.3.0.jar:/Users/rishiachavelli/.m2/repository/io/swagger/core/v3/swagger-core-jakarta/2.2.19/swagger-core-jakarta-2.2.19.jar:/Users/rishiachavelli/.m2/repository/org/apache/commons/commons-lang3/3.13.0/commons-lang3-3.13.0.jar:/Users/rishiachavelli/.m2/repository/io/swagger/core/v3/swagger-annotations-jakarta/2.2.19/swagger-annotations-jakarta-2.2.19.jar:/Users/rishiachavelli/.m2/repository/io/swagger/core/v3/swagger-models-jakarta/2.2.19/swagger-models-jakarta-2.2.19.jar:/Users/rishiachavelli/.m2/repository/com/fasterxml/jackson/dataformat/jackson-dataformat-yaml/2.15.4/jackson-dataformat-yaml-2.15.4.jar:/Users/rishiachavelli/.m2/repository/org/webjars/swagger-ui/5.10.3/swagger-ui-5.10.3.jar:/Users/rishiachavelli/.m2/repository/org/postgresql/postgresql/42.7.1/postgresql-42.7.1.jar:/Users/rishiachavelli/.m2/repository/org/checkerframework/checker-qual/3.41.0/checker-qual-3.41.0.jar:/Users/rishiachavelli/.m2/repository/software/amazon/awssdk/s3/2.25.12/s3-2.25.12.jar:/Users/rishiachavelli/.m2/repository/software/amazon/awssdk/aws-xml-protocol/2.25.12/aws-xml-protocol-2.25.12.jar:/Users/rishiachavelli/.m2/repository/software/amazon/awssdk/aws-query-protocol/2.25.12/aws-query-protocol-2.25.12.jar:/Users/rishiachavelli/.m2/repository/software/amazon/awssdk/protocol-core/2.25.12/protocol-core-2.25.12.jar:/Users/rishiachavelli/.m2/repository/software/amazon/awssdk/arns/2.25.12/arns-2.25.12.jar:/Users/rishiachavelli/.m2/repository/software/amazon/awssdk/profiles/2.25.12/profiles-2.25.12.jar:/Users/rishiachavelli/.m2/repository/software/amazon/awssdk/crt-core/2.25.12/crt-core-2.25.12.jar:/Users/rishiachavelli/.m2/repository/software/amazon/awssdk/http-auth/2.25.12/http-auth-2.25.12.jar:/Users/rishiachavelli/.m2/repository/software/amazon/awssdk/identity-spi/2.25.12/identity-spi-2.25.12.jar:/Users/rishiachavelli/.m2/repository/software/amazon/awssdk/http-auth-spi/2.25.12/http-auth-spi-2.25.12.jar:/Users/rishiachavelli/.m2/repository/org/reactivestreams/reactive-streams/1.0.4/reactive-streams-1.0.4.jar:/Users/rishiachavelli/.m2/repository/software/amazon/awssdk/http-auth-aws/2.25.12/http-auth-aws-2.25.12.jar:/Users/rishiachavelli/.m2/repository/software/amazon/awssdk/checksums/2.25.12/checksums-2.25.12.jar:/Users/rishiachavelli/.m2/repository/software/amazon/awssdk/checksums-spi/2.25.12/checksums-spi-2.25.12.jar:/Users/rishiachavelli/.m2/repository/software/amazon/awssdk/sdk-core/2.25.12/sdk-core-2.25.12.jar:/Users/rishiachavelli/.m2/repository/software/amazon/awssdk/auth/2.25.12/auth-2.25.12.jar:/Users/rishiachavelli/.m2/repository/software/amazon/eventstream/eventstream/1.0.1/eventstream-1.0.1.jar:/Users/rishiachavelli/.m2/repository/software/amazon/awssdk/http-client-spi/2.25.12/http-client-spi-2.25.12.jar:/Users/rishiachavelli/.m2/repository/software/amazon/awssdk/regions/2.25.12/regions-2.25.12.jar:/Users/rishiachavelli/.m2/repository/software/amazon/awssdk/annotations/2.25.12/annotations-2.25.12.jar:/Users/rishiachavelli/.m2/repository/software/amazon/awssdk/utils/2.25.12/utils-2.25.12.jar:/Users/rishiachavelli/.m2/repository/software/amazon/awssdk/aws-core/2.25.12/aws-core-2.25.12.jar:/Users/rishiachavelli/.m2/repository/software/amazon/awssdk/metrics-spi/2.25.12/metrics-spi-2.25.12.jar:/Users/rishiachavelli/.m2/repository/software/amazon/awssdk/json-utils/2.25.12/json-utils-2.25.12.jar:/Users/rishiachavelli/.m2/repository/software/amazon/awssdk/third-party-jackson-core/2.25.12/third-party-jackson-core-2.25.12.jar:/Users/rishiachavelli/.m2/repository/software/amazon/awssdk/endpoints-spi/2.25.12/endpoints-spi-2.25.12.jar:/Users/rishiachavelli/.m2/repository/software/amazon/awssdk/apache-client/2.25.12/apache-client-2.25.12.jar:/Users/rishiachavelli/.m2/repository/org/apache/httpcomponents/httpclient/4.5.13/httpclient-4.5.13.jar:/Users/rishiachavelli/.m2/repository/commons-logging/commons-logging/1.2/commons-logging-1.2.jar:/Users/rishiachavelli/.m2/repository/org/apache/httpcomponents/httpcore/4.4.16/httpcore-4.4.16.jar:/Users/rishiachavelli/.m2/repository/commons-codec/commons-codec/1.16.1/commons-codec-1.16.1.jar:/Users/rishiachavelli/.m2/repository/software/amazon/awssdk/netty-nio-client/2.25.12/netty-nio-client-2.25.12.jar:/Users/rishiachavelli/.m2/repository/io/netty/netty-codec-http/4.1.107.Final/netty-codec-http-4.1.107.Final.jar:/Users/rishiachavelli/.m2/repository/io/netty/netty-codec-http2/4.1.107.Final/netty-codec-http2-4.1.107.Final.jar:/Users/rishiachavelli/.m2/repository/io/netty/netty-codec/4.1.107.Final/netty-codec-4.1.107.Final.jar:/Users/rishiachavelli/.m2/repository/io/netty/netty-transport/4.1.107.Final/netty-transport-4.1.107.Final.jar:/Users/rishiachavelli/.m2/repository/io/netty/netty-common/4.1.107.Final/netty-common-4.1.107.Final.jar:/Users/rishiachavelli/.m2/repository/io/netty/netty-buffer/4.1.107.Final/netty-buffer-4.1.107.Final.jar:/Users/rishiachavelli/.m2/repository/io/netty/netty-handler/4.1.107.Final/netty-handler-4.1.107.Final.jar:/Users/rishiachavelli/.m2/repository/io/netty/netty-transport-native-unix-common/4.1.107.Final/netty-transport-native-unix-common-4.1.107.Final.jar:/Users/rishiachavelli/.m2/repository/io/netty/netty-transport-classes-epoll/4.1.107.Final/netty-transport-classes-epoll-4.1.107.Final.jar:/Users/rishiachavelli/.m2/repository/io/netty/netty-resolver/4.1.107.Final/netty-resolver-4.1.107.Final.jar:/Users/rishiachavelli/.m2/repository/io/jsonwebtoken/jjwt-api/0.11.5/jjwt-api-0.11.5.jar:/Users/rishiachavelli/.m2/repository/io/jsonwebtoken/jjwt-impl/0.11.5/jjwt-impl-0.11.5.jar:/Users/rishiachavelli/.m2/repository/io/jsonwebtoken/jjwt-jackson/0.11.5/jjwt-jackson-0.11.5.jar:/Users/rishiachavelli/.m2/repository/com/fasterxml/jackson/core/jackson-databind/2.15.4/jackson-databind-2.15.4.jar:/Users/rishiachavelli/.m2/repository/com/fasterxml/jackson/core/jackson-annotations/2.15.4/jackson-annotations-2.15.4.jar:/Users/rishiachavelli/.m2/repository/com/fasterxml/jackson/core/jackson-core/2.15.4/jackson-core-2.15.4.jar:/Users/rishiachavelli/.m2/repository/org/springframework/boot/spring-boot-starter-cache/3.2.3/spring-boot-starter-cache-3.2.3.jar:/Users/rishiachavelli/.m2/repository/org/springframework/spring-context-support/6.1.4/spring-context-support-6.1.4.jar:/Users/rishiachavelli/.m2/repository/org/springframework/boot/spring-boot-starter-data-redis/3.2.3/spring-boot-starter-data-redis-3.2.3.jar:/Users/rishiachavelli/.m2/repository/io/lettuce/lettuce-core/6.3.1.RELEASE/lettuce-core-6.3.1.RELEASE.jar:/Users/rishiachavelli/.m2/repository/io/projectreactor/reactor-core/3.6.3/reactor-core-3.6.3.jar:/Users/rishiachavelli/.m2/repository/org/springframework/data/spring-data-redis/3.2.3/spring-data-redis-3.2.3.jar:/Users/rishiachavelli/.m2/repository/org/springframework/data/spring-data-keyvalue/3.2.3/spring-data-keyvalue-3.2.3.jar:/Users/rishiachavelli/.m2/repository/org/springframework/spring-oxm/6.1.4/spring-oxm-6.1.4.jar:/Users/rishiachavelli/.m2/repository/com/github/ben-manes/caffeine/caffeine/3.1.8/caffeine-3.1.8.jar:/Users/rishiachavelli/.m2/repository/com/google/errorprone/error_prone_annotations/2.21.1/error_prone_annotations-2.21.1.jar:/Users/rishiachavelli/.m2/repository/com/bucket4j/bucket4j-core/8.7.0/bucket4j-core-8.7.0.jar:/Users/rishiachavelli/.m2/repository/com/zaxxer/HikariCP/5.0.1/HikariCP-5.0.1.jar:/Users/rishiachavelli/.m2/repository/org/slf4j/slf4j-api/2.0.12/slf4j-api-2.0.12.jar:/Users/rishiachavelli/.m2/repository/org/springframework/boot/spring-boot-starter-actuator/3.2.3/spring-boot-starter-actuator-3.2.3.jar:/Users/rishiachavelli/.m2/repository/org/springframework/boot/spring-boot-actuator-autoconfigure/3.2.3/spring-boot-actuator-autoconfigure-3.2.3.jar:/Users/rishiachavelli/.m2/repository/org/springframework/boot/spring-boot-actuator/3.2.3/spring-boot-actuator-3.2.3.jar:/Users/rishiachavelli/.m2/repository/io/micrometer/micrometer-observation/1.12.3/micrometer-observation-1.12.3.jar:/Users/rishiachavelli/.m2/repository/io/micrometer/micrometer-commons/1.12.3/micrometer-commons-1.12.3.jar:/Users/rishiachavelli/.m2/repository/io/micrometer/micrometer-jakarta9/1.12.3/micrometer-jakarta9-1.12.3.jar:/Users/rishiachavelli/.m2/repository/io/micrometer/micrometer-registry-prometheus/1.12.3/micrometer-registry-prometheus-1.12.3.jar:/Users/rishiachavelli/.m2/repository/io/micrometer/micrometer-core/1.12.3/micrometer-core-1.12.3.jar:/Users/rishiachavelli/.m2/repository/org/hdrhistogram/HdrHistogram/2.1.12/HdrHistogram-2.1.12.jar:/Users/rishiachavelli/.m2/repository/org/latencyutils/LatencyUtils/2.0.3/LatencyUtils-2.0.3.jar:/Users/rishiachavelli/.m2/repository/io/prometheus/simpleclient_common/0.16.0/simpleclient_common-0.16.0.jar:/Users/rishiachavelli/.m2/repository/io/prometheus/simpleclient/0.16.0/simpleclient-0.16.0.jar:/Users/rishiachavelli/.m2/repository/io/prometheus/simpleclient_tracer_otel/0.16.0/simpleclient_tracer_otel-0.16.0.jar:/Users/rishiachavelli/.m2/repository/io/prometheus/simpleclient_tracer_common/0.16.0/simpleclient_tracer_common-0.16.0.jar:/Users/rishiachavelli/.m2/repository/io/prometheus/simpleclient_tracer_otel_agent/0.16.0/simpleclient_tracer_otel_agent-0.16.0.jar:/Users/rishiachavelli/.m2/repository/net/logstash/logback/logstash-logback-encoder/7.4/logstash-logback-encoder-7.4.jar:/Users/rishiachavelli/.m2/repository/org/springframework/boot/spring-boot-starter-amqp/3.2.3/spring-boot-starter-amqp-3.2.3.jar:/Users/rishiachavelli/.m2/repository/org/springframework/spring-messaging/6.1.4/spring-messaging-6.1.4.jar:/Users/rishiachavelli/.m2/repository/org/springframework/amqp/spring-rabbit/3.1.2/spring-rabbit-3.1.2.jar:/Users/rishiachavelli/.m2/repository/org/springframework/amqp/spring-amqp/3.1.2/spring-amqp-3.1.2.jar:/Users/rishiachavelli/.m2/repository/com/rabbitmq/amqp-client/5.19.0/amqp-client-5.19.0.jar:/Users/rishiachavelli/.m2/repository/org/springframework/kafka/spring-kafka/3.1.2/spring-kafka-3.1.2.jar:/Users/rishiachavelli/.m2/repository/org/springframework/spring-context/6.1.4/spring-context-6.1.4.jar:/Users/rishiachavelli/.m2/repository/org/springframework/spring-tx/6.1.4/spring-tx-6.1.4.jar:/Users/rishiachavelli/.m2/repository/org/springframework/retry/spring-retry/2.0.5/spring-retry-2.0.5.jar:/Users/rishiachavelli/.m2/repository/org/apache/kafka/kafka-clients/3.6.1/kafka-clients-3.6.1.jar:/Users/rishiachavelli/.m2/repository/com/github/luben/zstd-jni/1.5.5-1/zstd-jni-1.5.5-1.jar:/Users/rishiachavelli/.m2/repository/org/lz4/lz4-java/1.8.0/lz4-java-1.8.0.jar:/Users/rishiachavelli/.m2/repository/org/xerial/snappy/snappy-java/1.1.10.5/snappy-java-1.1.10.5.jar:/Users/rishiachavelli/.m2/repository/com/google/code/findbugs/jsr305/3.0.2/jsr305-3.0.2.jar:/Users/rishiachavelli/.m2/repository/org/jobrunr/jobrunr-spring-boot-starter/5.3.3/jobrunr-spring-boot-starter-5.3.3.jar:/Users/rishiachavelli/.m2/repository/org/jobrunr/jobrunr/5.3.3/jobrunr-5.3.3.jar:/Users/rishiachavelli/.m2/repository/org/ow2/asm/asm/9.3/asm-9.3.jar:/Users/rishiachavelli/.m2/repository/org/springframework/boot/spring-boot-starter-test/3.2.3/spring-boot-starter-test-3.2.3.jar:/Users/rishiachavelli/.m2/repository/org/springframework/boot/spring-boot-test/3.2.3/spring-boot-test-3.2.3.jar:/Users/rishiachavelli/.m2/repository/org/springframework/boot/spring-boot-test-autoconfigure/3.2.3/spring-boot-test-autoconfigure-3.2.3.jar:/Users/rishiachavelli/.m2/repository/com/jayway/jsonpath/json-path/2.9.0/json-path-2.9.0.jar:/Users/rishiachavelli/.m2/repository/jakarta/xml/bind/jakarta.xml.bind-api/4.0.1/jakarta.xml.bind-api-4.0.1.jar:/Users/rishiachavelli/.m2/repository/jakarta/activation/jakarta.activation-api/2.1.2/jakarta.activation-api-2.1.2.jar:/Users/rishiachavelli/.m2/repository/net/minidev/json-smart/2.5.0/json-smart-2.5.0.jar:/Users/rishiachavelli/.m2/repository/net/minidev/accessors-smart/2.5.0/accessors-smart-2.5.0.jar:/Users/rishiachavelli/.m2/repository/org/assertj/assertj-core/3.24.2/assertj-core-3.24.2.jar:/Users/rishiachavelli/.m2/repository/org/awaitility/awaitility/4.2.0/awaitility-4.2.0.jar:/Users/rishiachavelli/.m2/repository/org/hamcrest/hamcrest/2.2/hamcrest-2.2.jar:/Users/rishiachavelli/.m2/repository/org/junit/jupiter/junit-jupiter/5.10.2/junit-jupiter-5.10.2.jar:/Users/rishiachavelli/.m2/repository/org/junit/jupiter/junit-jupiter-api/5.10.2/junit-jupiter-api-5.10.2.jar:/Users/rishiachavelli/.m2/repository/org/opentest4j/opentest4j/1.3.0/opentest4j-1.3.0.jar:/Users/rishiachavelli/.m2/repository/org/junit/platform/junit-platform-commons/1.10.2/junit-platform-commons-1.10.2.jar:/Users/rishiachavelli/.m2/repository/org/apiguardian/apiguardian-api/1.1.2/apiguardian-api-1.1.2.jar:/Users/rishiachavelli/.m2/repository/org/junit/jupiter/junit-jupiter-params/5.10.2/junit-jupiter-params-5.10.2.jar:/Users/rishiachavelli/.m2/repository/org/junit/jupiter/junit-jupiter-engine/5.10.2/junit-jupiter-engine-5.10.2.jar:/Users/rishiachavelli/.m2/repository/org/junit/platform/junit-platform-engine/1.10.2/junit-platform-engine-1.10.2.jar:/Users/rishiachavelli/.m2/repository/org/mockito/mockito-core/5.7.0/mockito-core-5.7.0.jar:/Users/rishiachavelli/.m2/repository/net/bytebuddy/byte-buddy-agent/1.14.12/byte-buddy-agent-1.14.12.jar:/Users/rishiachavelli/.m2/repository/org/objenesis/objenesis/3.3/objenesis-3.3.jar:/Users/rishiachavelli/.m2/repository/org/mockito/mockito-junit-jupiter/5.7.0/mockito-junit-jupiter-5.7.0.jar:/Users/rishiachavelli/.m2/repository/org/skyscreamer/jsonassert/1.5.1/jsonassert-1.5.1.jar:/Users/rishiachavelli/.m2/repository/com/vaadin/external/google/android-json/0.0.20131108.vaadin1/android-json-0.0.20131108.vaadin1.jar:/Users/rishiachavelli/.m2/repository/org/springframework/spring-core/6.1.4/spring-core-6.1.4.jar:/Users/rishiachavelli/.m2/repository/org/springframework/spring-jcl/6.1.4/spring-jcl-6.1.4.jar:/Users/rishiachavelli/.m2/repository/org/springframework/spring-test/6.1.4/spring-test-6.1.4.jar:/Users/rishiachavelli/.m2/repository/org/xmlunit/xmlunit-core/2.9.1/xmlunit-core-2.9.1.jar:/Users/rishiachavelli/.m2/repository/org/springframework/security/spring-security-test/6.2.2/spring-security-test-6.2.2.jar:/Users/rishiachavelli/.m2/repository/org/springframework/security/spring-security-core/6.2.2/spring-security-core-6.2.2.jar:/Users/rishiachavelli/.m2/repository/org/springframework/security/spring-security-crypto/6.2.2/spring-security-crypto-6.2.2.jar:/Users/rishiachavelli/.m2/repository/org/testcontainers/testcontainers/1.19.3/testcontainers-1.19.3.jar:/Users/rishiachavelli/.m2/repository/junit/junit/4.13.2/junit-4.13.2.jar:/Users/rishiachavelli/.m2/repository/org/hamcrest/hamcrest-core/2.2/hamcrest-core-2.2.jar:/Users/rishiachavelli/.m2/repository/org/apache/commons/commons-compress/1.24.0/commons-compress-1.24.0.jar:/Users/rishiachavelli/.m2/repository/org/rnorth/duct-tape/duct-tape/1.0.8/duct-tape-1.0.8.jar:/Users/rishiachavelli/.m2/repository/org/jetbrains/annotations/17.0.0/annotations-17.0.0.jar:/Users/rishiachavelli/.m2/repository/com/github/docker-java/docker-java-api/3.3.4/docker-java-api-3.3.4.jar:/Users/rishiachavelli/.m2/repository/com/github/docker-java/docker-java-transport-zerodep/3.3.4/docker-java-transport-zerodep-3.3.4.jar:/Users/rishiachavelli/.m2/repository/com/github/docker-java/docker-java-transport/3.3.4/docker-java-transport-3.3.4.jar:/Users/rishiachavelli/.m2/repository/net/java/dev/jna/jna/5.13.0/jna-5.13.0.jar:/Users/rishiachavelli/.m2/repository/org/testcontainers/postgresql/1.19.3/postgresql-1.19.3.jar:/Users/rishiachavelli/.m2/repository/org/testcontainers/jdbc/1.19.5/jdbc-1.19.5.jar:/Users/rishiachavelli/.m2/repository/org/testcontainers/database-commons/1.19.5/database-commons-1.19.5.jar:/Users/rishiachavelli/.m2/repository/com/h2database/h2/2.2.224/h2-2.2.224.jar:/Users/rishiachavelli/.m2/repository/org/springframework/boot/spring-boot-autoconfigure/3.2.3/spring-boot-autoconfigure-3.2.3.jar:/Users/rishiachavelli/.m2/repository/org/springframework/boot/spring-boot/3.2.3/spring-boot-3.2.3.jar:/Users/rishiachavelli/.m2/repository/org/projectlombok/lombok/1.18.30/lombok-1.18.30.jar:"/>
    <property name="sun.cpu.endian" value="little"/>
    <property name="user.home" value="/Users/rishiachavelli"/>
    <property name="user.language" value="en"/>
    <property name="java.specification.vendor" value="Oracle Corporation"/>
    <property name="java.version.date" value="2025-03-18"/>
    <property name="java.home" value="/Users/rishiachavelli/Library/Java/JavaVirtualMachines/openjdk-24/Contents/Home"/>
    <property name="file.separator" value="/"/>
    <property name="basedir" value="/Users/rishiachavelli/Desktop/isp/isp_backend/ISP_Backend"/>
    <property name="java.vm.compressedOopsMode" value="Zero based"/>
    <property name="line.separator" value="&#10;"/>
    <property name="java.vm.specification.vendor" value="Oracle Corporation"/>
    <property name="java.specification.name" value="Java Platform API Specification"/>
    <property name="FILE_LOG_CHARSET" value="UTF-8"/>
    <property name="java.awt.headless" value="true"/>
    <property name="apple.awt.application.name" value="ForkedBooter"/>
    <property name="surefire.real.class.path" value="/Users/rishiachavelli/Desktop/isp/isp_backend/ISP_Backend/target/surefire/surefirebooter-20250527140042096_3.jar"/>
    <property name="sun.management.compiler" value="HotSpot 64-Bit Tiered Compilers"/>
    <property name="ftp.nonProxyHosts" value="local|*.local|169.254/16|*.169.254/16"/>
    <property name="java.runtime.version" value="24+36-3646"/>
    <property name="user.name" value="rishiachavelli"/>
    <property name="stdout.encoding" value="UTF-8"/>
    <property name="path.separator" value=":"/>
    <property name="os.version" value="15.5"/>
    <property name="java.runtime.name" value="OpenJDK Runtime Environment"/>
    <property name="file.encoding" value="UTF-8"/>
    <property name="FILE_LOG_PATTERN" value="%d{yyyy-MM-dd HH:mm:ss} [%thread] %-5level %logger{36} - %msg%n"/>
    <property name="java.vm.name" value="OpenJDK 64-Bit Server VM"/>
    <property name="LOG_FILE" value="logs/isp-backend.log"/>
    <property name="localRepository" value="/Users/rishiachavelli/.m2/repository"/>
    <property name="java.vendor.url.bug" value="https://bugreport.java.com/bugreport/"/>
    <property name="java.io.tmpdir" value="/var/folders/b9/rg7mkh_x3qz0lwr5gcfx69qm0000gp/T/"/>
    <property name="java.version" value="24"/>
    <property name="user.dir" value="/Users/rishiachavelli/Desktop/isp/isp_backend/ISP_Backend"/>
    <property name="os.arch" value="aarch64"/>
    <property name="java.vm.specification.name" value="Java Virtual Machine Specification"/>
    <property name="PID" value="10513"/>
    <property name="CONSOLE_LOG_CHARSET" value="UTF-8"/>
    <property name="native.encoding" value="UTF-8"/>
    <property name="java.library.path" value="/Users/rishiachavelli/Library/Java/Extensions:/Library/Java/Extensions:/Network/Library/Java/Extensions:/System/Library/Java/Extensions:/usr/lib/java:."/>
    <property name="java.vm.info" value="mixed mode, sharing"/>
    <property name="stderr.encoding" value="UTF-8"/>
    <property name="java.vendor" value="Oracle Corporation"/>
    <property name="java.vm.version" value="24+36-3646"/>
    <property name="sun.io.unicode.encoding" value="UnicodeBig"/>
    <property name="socksNonProxyHosts" value="local|*.local|169.254/16|*.169.254/16"/>
    <property name="java.class.version" value="68.0"/>
  </properties>
  <testcase name="saveAccommodation_ShouldSaveAndPublishEvent" classname="org.isp.service.AccommodationServiceTest" time="0.351">
    <system-out><![CDATA[Hibernate: 
    select
        a1_0.id,
        a1_0.address,
        a1_0.description,
        a1_0.name,
        a1_0.price 
    from
        accommodation a1_0
{"@timestamp":"2025-05-27T14:00:49.377159-04:00","@version":"1","message":"Saving accommodation: org.isp.model.Accommodation@6b86fed8","logger_name":"org.isp.service.AccommodationService","thread_name":"main","level":"INFO","level_value":20000}
]]></system-out>
  </testcase>
  <testcase name="getAccommodationById_WhenNotExists_ShouldThrowException" classname="org.isp.service.AccommodationServiceTest" time="0.004">
    <system-out><![CDATA[{"@timestamp":"2025-05-27T14:00:49.448941-04:00","@version":"1","message":"Fetching accommodation with id: 1","logger_name":"org.isp.service.AccommodationService","thread_name":"main","level":"INFO","level_value":20000}
]]></system-out>
  </testcase>
  <testcase name="getAllAccommodations_ShouldReturnAllAccommodations" classname="org.isp.service.AccommodationServiceTest" time="0.007">
    <system-out><![CDATA[{"@timestamp":"2025-05-27T14:00:49.45099-04:00","@version":"1","message":"Fetching all accommodations","logger_name":"org.isp.service.AccommodationService","thread_name":"main","level":"INFO","level_value":20000}
]]></system-out>
  </testcase>
  <testcase name="getAccommodationById_WhenExists_ShouldReturnAccommodation" classname="org.isp.service.AccommodationServiceTest" time="0.002">
    <system-out><![CDATA[{"@timestamp":"2025-05-27T14:00:49.459126-04:00","@version":"1","message":"Fetching accommodation with id: 1","logger_name":"org.isp.service.AccommodationService","thread_name":"main","level":"INFO","level_value":20000}
]]></system-out>
  </testcase>
  <testcase name="deleteAccommodation_WhenExists_ShouldDeleteAndPublishEvent" classname="org.isp.service.AccommodationServiceTest" time="0.001">
    <system-out><![CDATA[{"@timestamp":"2025-05-27T14:00:49.46087-04:00","@version":"1","message":"Deleting accommodation with id: 1","logger_name":"org.isp.service.AccommodationService","thread_name":"main","level":"INFO","level_value":20000}
{"@timestamp":"2025-05-27T14:00:49.460975-04:00","@version":"1","message":"Fetching accommodation with id: 1","logger_name":"org.isp.service.AccommodationService","thread_name":"main","level":"INFO","level_value":20000}
]]></system-out>
  </testcase>
</testsuite>